<?xml version="1.0" encoding="UTF-8"?>
<!-- Generated by org.testng.reporters.JUnitXMLReporter -->
<testsuite ignored="0" hostname="LAPTOP-ITG5HSF2" failures="1" tests="3" name="Error Validations Test" time="16.698" errors="0" timestamp="2024-09-14T17:31:55 IST">
  <testcase classname="rahulshettyacademy.tests.ErrorValidations" name="Loginerrorvalidation" time="1.028">
    <skipped/>
  </testcase> <!-- Loginerrorvalidation -->
  <testcase classname="rahulshettyacademy.tests.ErrorValidations" name="Loginerrorvalidation" time="1.025">
    <failure type="java.lang.AssertionError" message="expected [Incorrect email or password.] but found [Incorrect email  password.]">
      <![CDATA[java.lang.AssertionError: expected [Incorrect email or password.] but found [Incorrect email  password.]
at rahulshettyacademy.tests.ErrorValidations.Loginerrorvalidation(ErrorValidations.java:21)
at java.base/java.util.ArrayList.forEach(ArrayList.java:1596)
at java.base/java.util.concurrent.FutureTask.run(FutureTask.java:317)
at java.base/java.util.concurrent.ThreadPoolExecutor.runWorker(ThreadPoolExecutor.java:1144)
at java.base/java.util.concurrent.ThreadPoolExecutor$Worker.run(ThreadPoolExecutor.java:642)
at java.base/java.lang.Thread.run(Thread.java:1583)
... Removed 21 stack frames]]>
    </failure>
  </testcase> <!-- Loginerrorvalidation -->
  <testcase classname="rahulshettyacademy.tests.ErrorValidations" name="submitOrder56" time="1.002"/>
</testsuite> <!-- Error Validations Test -->
