<?xml version="1.0" encoding="UTF-8"?>
<!-- Generated by org.testng.reporters.JUnitXMLReporter -->
<testsuite ignored="1" hostname="LAPTOP-ITG5HSF2" failures="0" tests="1" name="Error Validations Test" time="0.073" errors="0" timestamp="2024-09-01T20:12:06 IST">
  <testcase classname="rahulshettyacademy.tests.ErrorValidations" name="Loginerrorvalidation" time="0.0">
    <skipped/>
  </testcase> <!-- Loginerrorvalidation -->
  <testcase classname="rahulshettyacademy.tests.ErrorValidations" name="submitOrder56" time="0.0">
    <ignored/>
  </testcase> <!-- submitOrder56 -->
</testsuite> <!-- Error Validations Test -->
